<?xml version="1.0" encoding="UTF-8"?>
<!-- Generated by org.testng.reporters.JUnitXMLReporter -->
<testsuite hostname="DESKTOP-GAOM8LM" ignored="0" name="Default test" tests="3" failures="2" timestamp="15 Sep 2020 12:47:44 GMT" time="52.428" errors="0">
  <testcase name="runScenario" time="26.237" classname="io.cucumber.testng.AbstractTestNGCucumberTests"/>
  <testcase name="runScenario" time="0.115" classname="io.cucumber.testng.AbstractTestNGCucumberTests">
    <failure type="java.lang.AssertionError" message="expected [Welcome Admin] but found [Welcome Anna]">
      <![CDATA[java.lang.AssertionError: expected [Welcome Admin] but found [Welcome Anna]
	at org.testng.Assert.fail(Assert.java:93)
	at org.testng.Assert.failNotEquals(Assert.java:512)
	at org.testng.Assert.assertEqualsImpl(Assert.java:134)
	at org.testng.Assert.assertEquals(Assert.java:115)
	at org.testng.Assert.assertEquals(Assert.java:189)
	at org.testng.Assert.assertEquals(Assert.java:199)
	at com.webapp.pages.HomePage.validateWelcome(HomePage.java:31)
	at com.webapp.steps.OrangeSteps.the_user_verifies_the_label_on_it(OrangeSteps.java:59)
	at ✽.the user verifies the "Welcome Admin" label on it.(file:///C:/eclipse/moblie%20automation/CucumberBDDMay2020-master/./src/main/java/com/webapp/features/login.feature:14)
]]>
    </failure>
  </testcase> <!-- runScenario -->
  <testcase name="runScenario" time="23.455" classname="io.cucumber.testng.AbstractTestNGCucumberTests">
    <failure type="java.lang.AssertionError" message="lists don&amp;apos;t have the same size expected [6] but found [0]">
      <![CDATA[java.lang.AssertionError: lists don't have the same size expected [6] but found [0]
	at org.testng.Assert.fail(Assert.java:93)
	at org.testng.Assert.failNotEquals(Assert.java:512)
	at org.testng.Assert.assertEqualsImpl(Assert.java:134)
	at org.testng.Assert.assertEquals(Assert.java:115)
	at org.testng.Assert.assertEquals(Assert.java:388)
	at org.testng.Assert.assertEquals(Assert.java:555)
	at org.testng.Assert.assertEquals(Assert.java:532)
	at com.webapp.steps.OrangeSteps.the_user_verifies_labels_on_it(OrangeSteps.java:73)
	at ✽.the user verifies labels on it(file:///C:/eclipse/moblie%20automation/CucumberBDDMay2020-master/./src/main/java/com/webapp/features/login.feature:23)
]]>
    </failure>
  </testcase> <!-- runScenario -->
</testsuite> <!-- Default test -->
