<?xml version="1.0" encoding="UTF-8"?>
<!-- Generated by org.testng.reporters.JUnitXMLReporter -->
<testsuite hostname="DESKTOP-GAOM8LM" ignored="0" name="Test" tests="3" failures="2" timestamp="21 Sep 2020 09:55:25 GMT" time="76.032" errors="0">
  <testcase name="runScenario" time="48.766" classname="io.cucumber.testng.AbstractTestNGCucumberTests"/>
  <testcase name="runScenario" time="0.162" classname="io.cucumber.testng.AbstractTestNGCucumberTests">
    <failure type="java.lang.AssertionError" message="expected [Welcome Admin] but found [Welcome Linda]">
      <![CDATA[java.lang.AssertionError: expected [Welcome Admin] but found [Welcome Linda]
	at com.webapp.pages.HomePage.validateWelcome(HomePage.java:31)
	at com.webapp.steps.OrangeSteps.the_user_verifies_the_label_on_it(OrangeSteps.java:59)
	at ✽.the user verifies the "Welcome Admin" label on it.(file:///C:/eclipse/moblie%20automation/CucumberBDDMay2020-master/./src/main/java/com/webapp/features/login.feature:14)
... Removed 6 stack frames]]>
    </failure>
  </testcase> <!-- runScenario -->
  <testcase name="runScenario" time="24.086" classname="io.cucumber.testng.AbstractTestNGCucumberTests">
    <failure type="java.lang.AssertionError" message="lists don&amp;apos;t have the same size expected [6] but found [0]">
      <![CDATA[java.lang.AssertionError: lists don't have the same size expected [6] but found [0]
	at com.webapp.steps.OrangeSteps.the_user_verifies_labels_on_it(OrangeSteps.java:73)
	at ✽.the user verifies labels on it(file:///C:/eclipse/moblie%20automation/CucumberBDDMay2020-master/./src/main/java/com/webapp/features/login.feature:23)
... Removed 7 stack frames]]>
    </failure>
  </testcase> <!-- runScenario -->
</testsuite> <!-- Test -->
